[    2911ms] [INFO] %cDownload the React DevTools for a better development experience: https://react.dev/link/react-devtools font-weight:bold @ http://localhost:6006/vendors-node_modules_storybook_react-dom-shim_dist_react-18_js.iframe.bundle.js:28067
[  269855ms] [ERROR] %o

%s

%s
 ReferenceError: moreRef is not defined
    at renderMore (http://localhost:6006/packages_components_src_components_Switcher_index_ts.d36aa601ab0e6524b263.hot-update.js:2352:12)
    at renderOverflow (http://localhost:6006/packages_components_src_components_OverflowList_index_ts.iframe.bundle.js:1534:14)
    at OverflowList (http://localhost:6006/packages_components_src_components_OverflowList_index_ts.iframe.bundle.js:1614:33)
    at Object.react_stack_bottom_frame (http://localhost:6006/vendors-node_modules_storybook_react-dom-shim_dist_react-18_js.iframe.bundle.js:25968:20)
    at renderWithHooks (http://localhost:6006/vendors-node_modules_storybook_react-dom-shim_dist_react-18_js.iframe.bundle.js:7726:22)
    at updateFunctionComponent (http://localhost:6006/vendors-node_modules_storybook_react-dom-shim_dist_react-18_js.iframe.bundle.js:10230:19)
    at beginWork (http://localhost:6006/vendors-node_modules_storybook_react-dom-shim_dist_react-18_js.iframe.bundle.js:11842:18)
    at runWithFiberInDEV (http://localhost:6006/vendors-node_modules_storybook_react-dom-shim_dist_react-18_js.iframe.bundle.js:936:30)
    at performUnitOfWork (http://localhost:6006/vendors-node_modules_storybook_react-dom-shim_dist_react-18_js.iframe.bundle.js:17705:22)
    at workLoopSync (http://localhost:6006/vendors-node_modules_storybook_react-dom-shim_dist_react-18_js.iframe.bundle.js:17533:41) The above error occurred in the <OverflowList> component. React will try to recreate this component tree from scratch using the error boundary you provided, ErrorBoundary. @ http://localhost:6006/vendors-node_modules_storybook_react-dom-shim_dist_react-18_js.iframe.bundle.js:9473
[  269968ms] [ERROR] Error rendering story 'components-src-components-switcher--overflow': @ http://localhost:6006/sb-preview/runtime.js:12164
[  269968ms] [ERROR] ReferenceError: moreRef is not defined
    at renderMore (http://localhost:6006/packages_components_src_components_Switcher_index_ts.d36aa601ab0e6524b263.hot-update.js:2352:12)
    at renderOverflow (http://localhost:6006/packages_components_src_components_OverflowList_index_ts.iframe.bundle.js:1534:14)
    at OverflowList (http://localhost:6006/packages_components_src_components_OverflowList_index_ts.iframe.bundle.js:1614:33)
    at Object.react_stack_bottom_frame (http://localhost:6006/vendors-node_modules_storybook_react-dom-shim_dist_react-18_js.iframe.bundle.js:25968:20)
    at renderWithHooks (http://localhost:6006/vendors-node_modules_storybook_react-dom-shim_dist_react-18_js.iframe.bundle.js:7726:22)
    at updateFunctionComponent (http://localhost:6006/vendors-node_modules_storybook_react-dom-shim_dist_react-18_js.iframe.bundle.js:10230:19)
    at beginWork (http://localhost:6006/vendors-node_modules_storybook_react-dom-shim_dist_react-18_js.iframe.bundle.js:11842:18)
    at runWithFiberInDEV (http://localhost:6006/vendors-node_modules_storybook_react-dom-shim_dist_react-18_js.iframe.bundle.js:936:30)
    at performUnitOfWork (http://localhost:6006/vendors-node_modules_storybook_react-dom-shim_dist_react-18_js.iframe.bundle.js:17705:22)
    at workLoopSync (http://localhost:6006/vendors-node_modules_storybook_react-dom-shim_dist_react-18_js.iframe.bundle.js:17533:41) @ http://localhost:6006/sb-preview/runtime.js:12164
